TN:
SF:src/modules/Account/service/CreateAccountService.ts
FN:12,CreateAccountService
FN:16,execute
FNF:2
FNH:2
FNDA:11,CreateAccountService
FNDA:8,execute
DA:1,1
DA:2,1
DA:3,1
DA:4,1
DA:5,1
DA:6,1
DA:7,1
DA:8,1
DA:9,1
DA:10,1
DA:11,1
DA:12,1
DA:13,11
DA:14,11
DA:15,1
DA:16,1
DA:17,8
DA:18,8
DA:19,8
DA:20,8
DA:21,1
DA:22,1
DA:23,7
DA:24,7
DA:25,7
DA:26,7
DA:27,1
LF:27
LH:27
BRDA:12,0,0,11
BRDA:16,1,0,8
BRDA:20,2,0,1
BRDA:23,3,0,7
BRF:4
BRH:4
end_of_record
TN:
SF:src/modules/Account/service/CreateSessionAccountService.ts
FN:20,CreateSessionAccountService
FN:24,execute
FNF:2
FNH:2
FNDA:2,CreateSessionAccountService
FNDA:2,execute
DA:1,1
DA:2,1
DA:3,1
DA:4,1
DA:5,1
DA:6,1
DA:7,1
DA:8,1
DA:9,1
DA:10,1
DA:11,1
DA:12,1
DA:13,1
DA:14,1
DA:15,1
DA:16,1
DA:17,1
DA:18,1
DA:19,1
DA:20,1
DA:21,2
DA:22,2
DA:23,1
DA:24,1
DA:25,2
DA:26,2
DA:27,2
DA:28,2
DA:29,1
DA:30,1
DA:31,1
DA:32,1
DA:33,1
DA:34,1
DA:35,1
DA:36,1
DA:37,1
DA:38,1
DA:39,1
DA:40,1
DA:41,1
DA:42,1
DA:43,1
DA:44,1
DA:45,1
DA:46,1
LF:46
LH:46
BRDA:20,0,0,2
BRDA:24,1,0,2
BRDA:28,2,0,1
BRF:3
BRH:3
end_of_record
TN:
SF:src/modules/Account/service/ShowAccountService.ts
FN:8,ShowAccountService
FN:12,execute
FNF:2
FNH:2
FNDA:2,ShowAccountService
FNDA:2,execute
DA:1,1
DA:2,1
DA:3,1
DA:4,1
DA:5,1
DA:6,1
DA:7,1
DA:8,1
DA:9,2
DA:10,2
DA:11,1
DA:12,1
DA:13,2
DA:14,2
DA:15,2
DA:16,1
DA:17,1
DA:18,1
DA:19,1
DA:20,1
DA:21,1
DA:22,1
LF:22
LH:22
BRDA:8,0,0,2
BRDA:12,1,0,2
BRDA:15,2,0,1
BRF:3
BRH:3
end_of_record
TN:
SF:src/modules/Transaction/service/CreateTransactionService.ts
FN:15,CreateTransactionService
FN:20,execute
FNF:2
FNH:2
FNDA:5,CreateTransactionService
FNDA:5,execute
DA:1,1
DA:2,1
DA:3,1
DA:4,1
DA:5,1
DA:6,1
DA:7,1
DA:8,1
DA:9,1
DA:10,1
DA:11,1
DA:12,1
DA:13,1
DA:14,1
DA:15,1
DA:16,5
DA:17,5
DA:18,5
DA:19,1
DA:20,1
DA:21,5
DA:22,5
DA:23,5
DA:24,1
DA:25,1
DA:26,4
DA:27,5
DA:28,1
DA:29,1
DA:30,3
DA:31,3
DA:32,3
DA:33,3
DA:34,3
DA:35,3
DA:36,3
DA:37,3
DA:38,1
LF:38
LH:38
BRDA:15,0,0,5
BRDA:20,1,0,5
BRDA:23,2,0,1
BRDA:26,3,0,4
BRDA:27,4,0,1
BRDA:27,5,0,3
BRDA:27,6,0,1
BRF:7
BRH:7
end_of_record
TN:
SF:src/modules/Transaction/service/ListTransactionService.ts
FN:19,ListTransactionService
FN:24,execute
FNF:2
FNH:2
FNDA:2,ListTransactionService
FNDA:2,execute
DA:1,1
DA:2,1
DA:3,1
DA:4,1
DA:5,1
DA:6,1
DA:7,1
DA:8,1
DA:9,1
DA:10,1
DA:11,1
DA:12,1
DA:13,1
DA:14,1
DA:15,1
DA:16,1
DA:17,1
DA:18,1
DA:19,1
DA:20,2
DA:21,2
DA:22,2
DA:23,1
DA:24,1
DA:25,2
DA:26,2
DA:27,2
DA:28,2
DA:29,1
DA:30,1
DA:31,1
DA:32,1
DA:33,1
DA:34,1
DA:35,2
DA:36,1
DA:37,1
DA:38,1
DA:39,2
DA:40,1
DA:41,1
DA:42,1
DA:43,2
DA:44,1
DA:45,1
DA:46,1
DA:47,2
DA:48,2
DA:49,1
DA:50,1
DA:51,1
DA:52,1
DA:53,1
DA:54,1
DA:55,1
DA:56,1
DA:57,1
DA:58,1
DA:59,1
DA:60,1
LF:60
LH:60
BRDA:19,0,0,2
BRDA:24,1,0,2
BRDA:28,2,0,1
BRDA:34,3,0,2
BRDA:35,4,0,0
BRDA:38,5,0,2
BRDA:39,6,0,0
BRDA:42,7,0,2
BRDA:43,8,0,0
BRDA:46,9,0,2
BRF:10
BRH:7
end_of_record
